<?xml version="1.0" encoding="utf-8"?><testsuites name="pytest tests"><testsuite name="pytest" errors="0" failures="0" skipped="0" tests="8" time="11.902" timestamp="2026-03-30T06:41:46.628085+00:00" hostname="agent-env-f6319bb3-1037-4ebe-8bf3-f62c7916d9bb"><testcase classname="tests.test_route_summary.TestRouteSummaryAPI" name="test_short_route_returns_sr1_sr2_groups" time="3.470" /><testcase classname="tests.test_route_summary.TestRouteSummaryAPI" name="test_long_route_returns_lr1_lr2_groups" time="1.315" /><testcase classname="tests.test_route_summary.TestRouteSummaryAPI" name="test_lulu_route_returns_lft_code" time="1.302" /><testcase classname="tests.test_route_summary.TestRouteSummaryAPI" name="test_onsite_route_returns_ons_code" time="1.384" /><testcase classname="tests.test_route_summary.TestRouteSummaryAPI" name="test_matrix_totals_sum_correctly" time="1.327" /><testcase classname="tests.test_route_summary.TestRouteSummaryAPI" name="test_invalid_route_type_returns_400" time="0.844" /><testcase classname="tests.test_route_summary.TestRouteSummaryAPI" name="test_invalid_date_format_returns_400" time="0.872" /><testcase classname="tests.test_route_summary.TestRouteSummaryAPI" name="test_empty_date_uses_today" time="1.324" /></testsuite></testsuites>