<?xml version="1.0" encoding="utf-8"?><testsuites name="pytest tests"><testsuite name="pytest" errors="0" failures="0" skipped="0" tests="6" time="19.286" timestamp="2026-04-05T03:34:34.284796+00:00" hostname="agent-env-e031f4cb-b650-4470-bf07-e8e8678f45aa"><testcase classname="backend.tests.test_admin_delivery_date.TestAdminDeliveryDateFeature" name="test_admin_place_order_with_custom_delivery_date" time="4.562" /><testcase classname="backend.tests.test_admin_delivery_date.TestAdminDeliveryDateFeature" name="test_delivery_date_stored_as_utc_midnight_ist" time="3.045" /><testcase classname="backend.tests.test_admin_delivery_date.TestAdminDeliveryDateFeature" name="test_admin_place_order_without_delivery_date_uses_auto_calculate" time="2.550" /><testcase classname="backend.tests.test_admin_delivery_date.TestAdminDeliveryDateFeature" name="test_delivery_date_invalid_format_falls_back_to_auto" time="2.521" /><testcase classname="backend.tests.test_admin_delivery_date.TestAdminDeliveryDateFeature" name="test_delivery_date_different_dates" time="6.415" /><testcase classname="backend.tests.test_admin_delivery_date.TestDeliveryDateEndpoint" name="test_get_delivery_date_info" time="0.126" /></testsuite></testsuites>