<?xml version="1.0" encoding="utf-8"?><testsuites name="pytest tests"><testsuite name="pytest" errors="0" failures="0" skipped="0" tests="19" time="19.602" timestamp="2026-03-03T11:40:30.952053+00:00" hostname="agent-env-2d60710e-f313-4310-8476-e3f0ba6fb25e"><testcase classname="tests.test_section_tasks.TestSectionTasksAPI" name="test_get_section_tasks_returns_default_structure[dough_section]" time="3.349" /><testcase classname="tests.test_section_tasks.TestSectionTasksAPI" name="test_get_section_tasks_returns_default_structure[packing_section]" time="0.567" /><testcase classname="tests.test_section_tasks.TestSectionTasksAPI" name="test_get_section_tasks_returns_default_structure[angels_prep]" time="0.599" /><testcase classname="tests.test_section_tasks.TestSectionTasksAPI" name="test_get_section_tasks_returns_default_structure[cleaning_facilities]" time="0.570" /><testcase classname="tests.test_section_tasks.TestSectionTasksAPI" name="test_get_section_tasks_returns_default_structure[supervisor]" time="0.576" /><testcase classname="tests.test_section_tasks.TestSectionTasksAPI" name="test_get_section_tasks_returns_default_structure[sales_team]" time="0.593" /><testcase classname="tests.test_section_tasks.TestSectionTasksAPI" name="test_put_section_tasks_saves_data" time="0.628" /><testcase classname="tests.test_section_tasks.TestSectionTasksAPI" name="test_get_returns_saved_data_after_put" time="1.160" /><testcase classname="tests.test_section_tasks.TestSectionTasksAPI" name="test_invalid_section_returns_400" time="2.808" /><testcase classname="tests.test_section_tasks.TestSectionTasksAPI" name="test_all_sections_accept_put[dough_section]" time="1.124" /><testcase classname="tests.test_section_tasks.TestSectionTasksAPI" name="test_all_sections_accept_put[packing_section]" time="1.145" /><testcase classname="tests.test_section_tasks.TestSectionTasksAPI" name="test_all_sections_accept_put[angels_prep]" time="1.156" /><testcase classname="tests.test_section_tasks.TestSectionTasksAPI" name="test_all_sections_accept_put[cleaning_facilities]" time="1.144" /><testcase classname="tests.test_section_tasks.TestSectionTasksAPI" name="test_all_sections_accept_put[supervisor]" time="1.145" /><testcase classname="tests.test_section_tasks.TestSectionTasksAPI" name="test_all_sections_accept_put[sales_team]" time="1.135" /><testcase classname="tests.test_section_tasks.TestExistingEndpoints" name="test_staff_list_endpoint_works" time="0.566" /><testcase classname="tests.test_section_tasks.TestExistingEndpoints" name="test_cleaning_tasks_endpoint_works" time="0.587" /><testcase classname="tests.test_section_tasks.TestPreviouslySavedData" name="test_dough_section_returns_previously_saved_data" time="0.574" /><testcase classname="tests.test_section_tasks.TestAuthenticationRequired" name="test_section_tasks_requires_auth" time="0.105" /></testsuite></testsuites>