<?xml version="1.0" encoding="utf-8"?><testsuites name="pytest tests"><testsuite name="pytest" errors="0" failures="0" skipped="0" tests="8" time="8.959" timestamp="2026-05-19T10:40:56.552568+00:00" hostname="agent-env-e031f4cb-b650-4470-bf07-e8e8678f45aa"><testcase classname="backend.tests.test_product_codes.TestGetProductCodes" name="test_get_requires_auth" time="0.234" /><testcase classname="backend.tests.test_product_codes.TestGetProductCodes" name="test_get_returns_list" time="3.395" /><testcase classname="backend.tests.test_product_codes.TestGetProductCodes" name="test_get_fields_present_and_no_mongo_id" time="0.822" /><testcase classname="backend.tests.test_product_codes.TestUpdateProductCodes" name="test_put_requires_auth" time="0.103" /><testcase classname="backend.tests.test_product_codes.TestUpdateProductCodes" name="test_put_assigns_codes_and_get_reflects" time="2.090" /><testcase classname="backend.tests.test_product_codes.TestUpdateProductCodes" name="test_put_empty_clears_all" time="1.417" /><testcase classname="backend.tests.test_product_codes.TestFrontendPageReachability" name="test_product_codes_page_loads" time="0.146" /><testcase classname="backend.tests.test_product_codes.TestFrontendPageReachability" name="test_manage_stock_page_loads" time="0.690" /></testsuite></testsuites>