<?xml version="1.0" encoding="utf-8"?><testsuites name="pytest tests"><testsuite name="pytest" errors="0" failures="0" skipped="0" tests="6" time="13.561" timestamp="2026-07-18T23:48:23.393428+00:00" hostname="agent-env-e031f4cb-b650-4470-bf07-e8e8678f45aa"><testcase classname="backend.tests.test_excess_stock_date.TestPreparationListDateHandling" name="test_current_environment_has_date_crossover" time="0.007" /><testcase classname="backend.tests.test_excess_stock_date.TestPreparationListDateHandling" name="test_preparation_list_returns_200_for_ist_date" time="4.664" /><testcase classname="backend.tests.test_excess_stock_date.TestPreparationListDateHandling" name="test_preparation_list_returns_200_for_utc_date" time="1.484" /><testcase classname="backend.tests.test_excess_stock_date.TestPreparationListDateHandling" name="test_ist_date_gives_different_totals_than_utc_date" time="2.940" /><testcase classname="backend.tests.test_excess_stock_date.TestPreparationListDateHandling" name="test_specific_product_lulu_burgers" time="1.469" /><testcase classname="backend.tests.test_excess_stock_date.TestPreparationListDateHandling" name="test_ist_date_matches_default_today" time="2.939" /></testsuite></testsuites>