<?xml version="1.0" encoding="utf-8"?><testsuites name="pytest tests"><testsuite name="pytest" errors="0" failures="0" skipped="0" tests="34" time="41.350" timestamp="2026-03-04T06:05:58.492369+00:00" hostname="agent-env-2d60710e-f313-4310-8476-e3f0ba6fb25e"><testcase classname="backend.tests.test_section_staff_and_checklist.TestSectionStaffAPI" name="test_get_section_staff_returns_structure[top_room]" time="3.288" /><testcase classname="backend.tests.test_section_staff_and_checklist.TestSectionStaffAPI" name="test_get_section_staff_returns_structure[dough_section]" time="0.580" /><testcase classname="backend.tests.test_section_staff_and_checklist.TestSectionStaffAPI" name="test_get_section_staff_returns_structure[packing_section]" time="0.578" /><testcase classname="backend.tests.test_section_staff_and_checklist.TestSectionStaffAPI" name="test_get_section_staff_returns_structure[angels_prep]" time="0.579" /><testcase classname="backend.tests.test_section_staff_and_checklist.TestSectionStaffAPI" name="test_get_section_staff_returns_structure[cleaning_facilities]" time="0.625" /><testcase classname="backend.tests.test_section_staff_and_checklist.TestSectionStaffAPI" name="test_get_section_staff_returns_structure[supervisor]" time="0.609" /><testcase classname="backend.tests.test_section_staff_and_checklist.TestSectionStaffAPI" name="test_get_section_staff_returns_structure[sales_team]" time="0.577" /><testcase classname="backend.tests.test_section_staff_and_checklist.TestSectionStaffAPI" name="test_add_staff_to_dough_section_only" time="2.315" /><testcase classname="backend.tests.test_section_staff_and_checklist.TestSectionStaffAPI" name="test_section_staff_independence" time="2.927" /><testcase classname="backend.tests.test_section_staff_and_checklist.TestSectionStaffAPI" name="test_delete_staff_from_section" time="2.308" /><testcase classname="backend.tests.test_section_staff_and_checklist.TestSectionStaffAPI" name="test_all_7_sections_staff_endpoints_work[top_room]" time="1.762" /><testcase classname="backend.tests.test_section_staff_and_checklist.TestSectionStaffAPI" name="test_all_7_sections_staff_endpoints_work[dough_section]" time="1.729" /><testcase classname="backend.tests.test_section_staff_and_checklist.TestSectionStaffAPI" name="test_all_7_sections_staff_endpoints_work[packing_section]" time="1.759" /><testcase classname="backend.tests.test_section_staff_and_checklist.TestSectionStaffAPI" name="test_all_7_sections_staff_endpoints_work[angels_prep]" time="1.777" /><testcase classname="backend.tests.test_section_staff_and_checklist.TestSectionStaffAPI" name="test_all_7_sections_staff_endpoints_work[cleaning_facilities]" time="1.768" /><testcase classname="backend.tests.test_section_staff_and_checklist.TestSectionStaffAPI" name="test_all_7_sections_staff_endpoints_work[supervisor]" time="1.749" /><testcase classname="backend.tests.test_section_staff_and_checklist.TestSectionStaffAPI" name="test_all_7_sections_staff_endpoints_work[sales_team]" time="1.749" /><testcase classname="backend.tests.test_section_staff_and_checklist.TestSectionStaffAPI" name="test_top_room_valid_for_staff" time="1.154" /><testcase classname="backend.tests.test_section_staff_and_checklist.TestSectionStaffAPI" name="test_invalid_section_staff_returns_400" time="2.074" /><testcase classname="backend.tests.test_section_staff_and_checklist.TestChecklistItemsAPI" name="test_get_returns_checklist_items_with_structure[top_room]" time="0.581" /><testcase classname="backend.tests.test_section_staff_and_checklist.TestChecklistItemsAPI" name="test_get_returns_checklist_items_with_structure[dough_section]" time="0.590" /><testcase classname="backend.tests.test_section_staff_and_checklist.TestChecklistItemsAPI" name="test_get_returns_checklist_items_with_structure[packing_section]" time="0.583" /><testcase classname="backend.tests.test_section_staff_and_checklist.TestChecklistItemsAPI" name="test_get_returns_checklist_items_with_structure[angels_prep]" time="0.617" /><testcase classname="backend.tests.test_section_staff_and_checklist.TestChecklistItemsAPI" name="test_get_returns_checklist_items_with_structure[cleaning_facilities]" time="0.603" /><testcase classname="backend.tests.test_section_staff_and_checklist.TestChecklistItemsAPI" name="test_get_returns_checklist_items_with_structure[supervisor]" time="0.579" /><testcase classname="backend.tests.test_section_staff_and_checklist.TestChecklistItemsAPI" name="test_get_returns_checklist_items_with_structure[sales_team]" time="0.589" /><testcase classname="backend.tests.test_section_staff_and_checklist.TestChecklistItemsAPI" name="test_put_saves_checklist_items" time="1.164" /><testcase classname="backend.tests.test_section_staff_and_checklist.TestChecklistItemsAPI" name="test_get_returns_saved_checklist_after_put" time="1.176" /><testcase classname="backend.tests.test_section_staff_and_checklist.TestChecklistItemsAPI" name="test_checklist_items_independence" time="2.330" /><testcase classname="backend.tests.test_section_staff_and_checklist.TestChecklistItemsAPI" name="test_top_room_valid_for_tasks" time="1.175" /><testcase classname="backend.tests.test_section_staff_and_checklist.TestBackwardCompatibility" name="test_staff_list_endpoint_works" time="0.574" /><testcase classname="backend.tests.test_section_staff_and_checklist.TestBackwardCompatibility" name="test_cleaning_tasks_endpoint_works" time="0.574" /><testcase classname="backend.tests.test_section_staff_and_checklist.TestAuthentication" name="test_section_staff_requires_auth" time="0.111" /><testcase classname="backend.tests.test_section_staff_and_checklist.TestAuthentication" name="test_section_tasks_requires_auth" time="0.105" /></testsuite></testsuites>