<?xml version="1.0" encoding="utf-8"?><testsuites name="pytest tests"><testsuite name="pytest" errors="0" failures="0" skipped="0" tests="11" time="19.937" timestamp="2026-03-31T04:09:11.680281+00:00" hostname="agent-env-f6319bb3-1037-4ebe-8bf3-f62c7916d9bb"><testcase classname="backend.tests.test_admin_place_order.TestAdminPlaceOrder" name="test_admin_place_order_creates_pay_later_order" time="3.554" /><testcase classname="backend.tests.test_admin_place_order.TestAdminPlaceOrder" name="test_admin_place_order_fails_for_invalid_customer" time="1.099" /><testcase classname="backend.tests.test_admin_place_order.TestAdminPlaceOrder" name="test_admin_place_order_fails_without_items" time="1.361" /><testcase classname="backend.tests.test_admin_place_order.TestAdminPlaceOrder" name="test_admin_place_order_fails_without_customer_id" time="0.851" /><testcase classname="backend.tests.test_admin_place_order.TestCustomerBalance" name="test_get_customer_balance_returns_pending_info" time="1.568" /><testcase classname="backend.tests.test_admin_place_order.TestCustomerBalance" name="test_get_customer_balance_fails_for_invalid_customer" time="1.065" /><testcase classname="backend.tests.test_admin_place_order.TestRecordPayment" name="test_record_payment_reduces_balance" time="3.471" /><testcase classname="backend.tests.test_admin_place_order.TestRecordPayment" name="test_record_payment_fails_for_zero_amount" time="1.097" /><testcase classname="backend.tests.test_admin_place_order.TestRecordPayment" name="test_record_payment_fails_for_negative_amount" time="1.074" /><testcase classname="backend.tests.test_admin_place_order.TestRecordPayment" name="test_record_payment_fails_for_invalid_customer" time="1.082" /><testcase classname="backend.tests.test_admin_place_order.TestPaymentSettlesOrders" name="test_payment_settles_order_and_updates_status" time="3.645" /></testsuite></testsuites>